<?xml version="1.0" encoding="UTF-8"?>
<!-- Generated by org.testng.reporters.JUnitReportReporter -->
<testsuite skipped="0" hostname="SDRCDSK33" name="Funtional.UMethods" tests="1" failures="0" timestamp="20 Dec 2018 05:42:57 GMT" time="13.299" errors="0">
  <testcase name="getLogin" time="13.299" classname="Funtional.UMethods"/>
</testsuite> <!-- Funtional.UMethods -->
