<?xml version="1.0" encoding="UTF-8"?>
<!-- Generated by org.testng.reporters.JUnitReportReporter -->
<testsuite skipped="0" hostname="SDRCDSK33" name="Funtional.CMSUpdation" tests="2" failures="0" timestamp="21 Dec 2018 10:40:54 GMT" time="17.417" errors="0">
  <testcase name="setUp" time="17.361" classname="Funtional.CMSUpdation"/>
  <testcase name="verifyImageInFrontend" time="0.056" classname="Funtional.CMSUpdation"/>
</testsuite> <!-- Funtional.CMSUpdation -->
