<?xml version="1.0" encoding="UTF-8"?>
<!-- Generated by org.testng.reporters.JUnitReportReporter -->
<testsuite skipped="0" hostname="SDRCDSK33" name="Funtional.LactstionTest" tests="1" failures="0" timestamp="31 Dec 2018 07:33:23 GMT" time="40.912" errors="0">
  <testcase name="redg" time="40.912" classname="Funtional.LactstionTest"/>
</testsuite> <!-- Funtional.LactstionTest -->
