<?xml version="1.0" encoding="UTF-8"?>
<!-- Generated by org.testng.reporters.JUnitReportReporter -->
<testsuite skipped="0" hostname="SDRCDSK33" name="Funtional.GooglePage" tests="1" failures="0" timestamp="29 Dec 2018 10:29:44 GMT" time="11.532" errors="0">
  <testcase name="search" time="11.532" classname="Funtional.GooglePage"/>
</testsuite> <!-- Funtional.GooglePage -->
